This is pdfTeX, Version 3.14159265-2.6-1.40.21 (MiKTeX 20.6.29) (preloaded format=pdflatex 2020.9.9)  17 SEP 2020 06:53
entering extended mode
**./main.tex
(main.tex
LaTeX2e <2020-02-02> patch level 5
L3 programming layer <2020-09-03>
("D:\NanoElMagno\Software - Installed\Miktex\tex/latex/base\article.cls"
Document Class: article 2019/12/20 v1.4l Standard LaTeX document class
("D:\NanoElMagno\Software - Installed\Miktex\tex/latex/base\size10.clo"
File: size10.clo 2019/12/20 v1.4l Standard LaTeX file (size option)
)
\c@part=\count168
\c@section=\count169
\c@subsection=\count170
\c@subsubsection=\count171
\c@paragraph=\count172
\c@subparagraph=\count173
\c@figure=\count174
\c@table=\count175
\abovecaptionskip=\skip47
\belowcaptionskip=\skip48
\bibindent=\dimen134
)
("D:\NanoElMagno\Software - Installed\Miktex\tex/latex/base\inputenc.sty"
Package: inputenc 2018/08/11 v1.3c Input encoding file
\inpenc@prehook=\toks15
\inpenc@posthook=\toks16
)
("D:\NanoElMagno\Software - Installed\Miktex\tex/generic/babel\babel.sty"
Package: babel 2020/09/01 3.48 The Babel package

("D:\NanoElMagno\Software - Installed\Miktex\tex/generic/babel\babel.def"
File: babel.def 2020/09/01 3.48 Babel common definitions
\babel@savecnt=\count176
\U@D=\dimen135
\l@babelnohyphens=\language79

("D:\NanoElMagno\Software - Installed\Miktex\tex/generic/babel\txtbabel.def")
\bbl@readstream=\read2
)
\bbl@dirlevel=\count177

*************************************
* Local config file bblopts.cfg used
*
("D:\NanoElMagno\Software - Installed\Miktex\tex/latex/arabi\bblopts.cfg"
File: bblopts.cfg 2005/09/08 v0.1 add Arabic and Farsi to "declared" options of
 babel
)
("D:\NanoElMagno\Software - Installed\Miktex\tex/latex/babel-spanish\spanish.ld
f"
Language: spanish.ldf 2016/03/03 v5.0p Spanish support from the babel system
\es@quottoks=\toks17
\es@quotdepth=\count178
Package babel Info: Making " an active character on input line 561.
Package babel Info: Making . an active character on input line 662.
Package babel Info: Making < an active character on input line 707.
Package babel Info: Making > an active character on input line 707.
))
("D:\NanoElMagno\Software - Installed\Miktex\tex/latex/listings\listings.sty"
("D:\NanoElMagno\Software - Installed\Miktex\tex/latex/graphics\keyval.sty"
Package: keyval 2014/10/28 v1.15 key=value parser (DPC)
\KV@toks@=\toks18
)
\lst@mode=\count179
\lst@gtempboxa=\box45
\lst@token=\toks19
\lst@length=\count180
\lst@currlwidth=\dimen136
\lst@column=\count181
\lst@pos=\count182
\lst@lostspace=\dimen137
\lst@width=\dimen138
\lst@newlines=\count183
\lst@lineno=\count184
\lst@maxwidth=\dimen139

("D:\NanoElMagno\Software - Installed\Miktex\tex/latex/listings\lstmisc.sty"
File: lstmisc.sty 2020/03/24 1.8d (Carsten Heinz)
\c@lstnumber=\count185
\lst@skipnumbers=\count186
\lst@framebox=\box46
)
("D:\NanoElMagno\Software - Installed\Miktex\tex/latex/listings\listings.cfg"
File: listings.cfg 2020/03/24 1.8d listings configuration
))
Package: listings 2020/03/24 1.8d (Carsten Heinz)
("D:\NanoElMagno\Software - Installed\Miktex\tex/latex/graphics\graphicx.sty"
Package: graphicx 2019/11/30 v1.2a Enhanced LaTeX Graphics (DPC,SPQR)

("D:\NanoElMagno\Software - Installed\Miktex\tex/latex/graphics\graphics.sty"
Package: graphics 2019/11/30 v1.4a Standard LaTeX Graphics (DPC,SPQR)

("D:\NanoElMagno\Software - Installed\Miktex\tex/latex/graphics\trig.sty"
Package: trig 2016/01/03 v1.10 sin cos tan (DPC)
)
("D:\NanoElMagno\Software - Installed\Miktex\tex/latex/graphics-cfg\graphics.cf
g"
File: graphics.cfg 2016/06/04 v1.11 sample graphics configuration
)
Package graphics Info: Driver file: pdftex.def on input line 105.

("D:\NanoElMagno\Software - Installed\Miktex\tex/latex/graphics-def\pdftex.def"
File: pdftex.def 2020/08/26 v1.2 Graphics/color driver for pdftex
))
\Gin@req@height=\dimen140
\Gin@req@width=\dimen141
) ("D:\NanoElMagno\Software - Installed\Miktex\tex/latex/cite\cite.sty"
LaTeX Info: Redefining \cite on input line 302.
LaTeX Info: Redefining \nocite on input line 332.
Package: cite 2015/02/27  v 5.5
)
("D:\NanoElMagno\Software - Installed\Miktex\tex/latex/l3backend\l3backend-pdft
ex.def"
File: l3backend-pdftex.def 2020-09-01 L3 backend support: PDF output (pdfTeX)
\l__kernel_color_stack_int=\count187
\l__pdf_internal_box=\box47
) (main.aux
LaTeX Info: Redefining \. on input line 8.
LaTeX Info: Redefining \% on input line 8.
)
\openout1 = `main.aux'.

LaTeX Font Info:    Checking defaults for OML/cmm/m/it on input line 9.
LaTeX Font Info:    ... okay on input line 9.
LaTeX Font Info:    Checking defaults for OMS/cmsy/m/n on input line 9.
LaTeX Font Info:    ... okay on input line 9.
LaTeX Font Info:    Checking defaults for OT1/cmr/m/n on input line 9.
LaTeX Font Info:    ... okay on input line 9.
LaTeX Font Info:    Checking defaults for T1/cmr/m/n on input line 9.
LaTeX Font Info:    ... okay on input line 9.
LaTeX Font Info:    Checking defaults for TS1/cmr/m/n on input line 9.
LaTeX Font Info:    ... okay on input line 9.
LaTeX Font Info:    Checking defaults for OMX/cmex/m/n on input line 9.
LaTeX Font Info:    ... okay on input line 9.
LaTeX Font Info:    Checking defaults for U/cmr/m/n on input line 9.
LaTeX Font Info:    ... okay on input line 9.
LaTeX Info: Redefining \. on input line 9.
LaTeX Info: Redefining \% on input line 9.
\c@lstlisting=\count188

("D:\NanoElMagno\Software - Installed\Miktex\tex/context/base/mkii\supp-pdf.mki
i"
[Loading MPS to PDF converter (version 2006.09.02).]
\scratchcounter=\count189
\scratchdimen=\dimen142
\scratchbox=\box48
\nofMPsegments=\count190
\nofMParguments=\count191
\everyMPshowfont=\toks20
\MPscratchCnt=\count192
\MPscratchDim=\dimen143
\MPnumerator=\count193
\makeMPintoPDFobject=\count194
\everyMPtoPDFconversion=\toks21
)
("D:\NanoElMagno\Software - Installed\Miktex\tex/latex/epstopdf-pkg\epstopdf-ba
se.sty"
Package: epstopdf-base 2020-01-24 v2.11 Base part for package epstopdf
Package epstopdf-base Info: Redefining graphics rule for `.eps' on input line 4
85.
) [1

{C:/Users/User/AppData/Local/MiKTeX/pdftex/config/pdftex.map}]
(main.toc
LaTeX Info: Redefining \. on input line 1.
LaTeX Info: Redefining \% on input line 1.
)
\tf@toc=\write3
\openout3 = `main.toc'.

LaTeX Font Info:    Trying to load font information for U+lasy on input line 50
.
 ("D:\NanoElMagno\Software - Installed\Miktex\tex/latex/base\ulasy.fd"
File: ulasy.fd 1998/08/17 v2.2e LaTeX symbol font definitions
)
LaTeX Font Info:    Trying to load font information for OML+cmr on input line 5
4.
 ("D:\NanoElMagno\Software - Installed\Miktex\tex/latex/base\omlcmr.fd"
File: omlcmr.fd 2019/12/16 v2.5j Standard LaTeX font definitions
)
LaTeX Font Info:    Font shape `OML/cmr/m/n' in size <10> not available
(Font)              Font shape `OML/cmm/m/it' tried instead on input line 54.
LaTeX Font Info:    Trying to load font information for OMS+cmr on input line 6
0.

("D:\NanoElMagno\Software - Installed\Miktex\tex/latex/base\omscmr.fd"
File: omscmr.fd 2019/12/16 v2.5j Standard LaTeX font definitions
)
LaTeX Font Info:    Font shape `OMS/cmr/m/n' in size <10> not available
(Font)              Font shape `OMS/cmsy/m/n' tried instead on input line 60.
<cpplogo.png, id=8, 212.795pt x 238.8925pt>
File: cpplogo.png Graphic file (type png)
<use cpplogo.png>
Package pdftex.def Info: cpplogo.png  used on input line 78.
(pdftex.def)             Requested size: 113.81102pt x 127.77159pt.


LaTeX Warning: `h' float specifier changed to `ht'.

(main.bbl [1]) [2 <./cpplogo.png>] (main.aux
LaTeX Info: Redefining \. on input line 8.
LaTeX Info: Redefining \% on input line 8.
) ) 
Here is how much of TeX's memory you used:
 4073 strings out of 481199
 57529 string characters out of 2906499
 318412 words of memory out of 3000000
 19667 multiletter control sequences out of 15000+200000
 538000 words of font info for 39 fonts, out of 3000000 for 9000
 1141 hyphenation exceptions out of 8191
 36i,5n,36p,269b,1216s stack positions out of 5000i,500n,10000p,200000b,50000s
 <C:\Users\User\AppData\Local\MiKTeX\fonts/pk/ljfour/jknappen/ec/dpi600\tcrm
1000.pk><D:/NanoElMagno/Software - Installed/Miktex/fonts/type1/public/amsfonts
/cm/cmbx10.pfb><D:/NanoElMagno/Software - Installed/Miktex/fonts/type1/public/a
msfonts/cm/cmbx12.pfb><D:/NanoElMagno/Software - Installed/Miktex/fonts/type1/p
ublic/amsfonts/cm/cmmi10.pfb><D:/NanoElMagno/Software - Installed/Miktex/fonts/
type1/public/amsfonts/cm/cmr10.pfb><D:/NanoElMagno/Software - Installed/Miktex/
fonts/type1/public/amsfonts/cm/cmr12.pfb><D:/NanoElMagno/Software - Installed/M
iktex/fonts/type1/public/amsfonts/cm/cmr17.pfb><D:/NanoElMagno/Software - Insta
lled/Miktex/fonts/type1/public/amsfonts/cm/cmsy10.pfb><D:/NanoElMagno/Software 
- Installed/Miktex/fonts/type1/public/amsfonts/cm/cmti10.pfb><D:/NanoElMagno/So
ftware - Installed/Miktex/fonts/type1/public/amsfonts/latxfont/lasy10.pfb>
Output written on main.pdf (3 pages, 113605 bytes).
PDF statistics:
 55 PDF objects out of 1000 (max. 8388607)
 0 named destinations out of 1000 (max. 500000)
 6 words of extra memory for PDF output out of 10000 (max. 10000000)

